This file contains any messages produced by compilers while
running configure, to aid debugging if configure makes a mistake.

It was created by pkcs11-helper configure 1.11, which was
generated by GNU Autoconf 2.69.  Invocation command line was

  $ ./configure --prefix=/ --libdir=//lib --host=x86_64-w64-mingw32 --target= --build=i686-pc-cygwin --program-prefix='' --sbindir=/bin --disable-crypto-engine-gnutls --disable-crypto-engine-nss OPENSSL_CFLAGS=-I/cygdrive/c/dev/7tunnels/openvpn-build-master/generic/image-win/openvpn/include OPENSSL_LIBS=-L/cygdrive/c/dev/7tunnels/openvpn-build-master/generic/image-win/openvpn/lib -lssl -lcrypto

## --------- ##
## Platform. ##
## --------- ##

hostname = TARDIS
uname -m = x86_64
uname -r = 2.6.0(0.304/5/3)
uname -s = CYGWIN_NT-10.0
uname -v = 2016-08-31 14:32

/usr/bin/uname -p = unknown
/bin/uname -X     = unknown

/bin/arch              = x86_64
/usr/bin/arch -k       = unknown
/usr/convex/getsysinfo = unknown
/usr/bin/hostinfo      = unknown
/bin/machine           = unknown
/usr/bin/oslevel       = unknown
/bin/universe          = unknown

PATH: /usr/local/bin
PATH: /usr/bin
PATH: /cygdrive/c/Perl64/site/bin
PATH: /cygdrive/c/Perl64/bin
PATH: /cygdrive/c/ProgramData/Oracle/Java/javapath
PATH: /cygdrive/c/Program Files (x86)/NVIDIA Corporation/PhysX/Common
PATH: /cygdrive/c/Program Files (x86)/Intel/iCLS Client
PATH: /cygdrive/c/Program Files/Intel/iCLS Client
PATH: /cygdrive/c/WINDOWS/system32
PATH: /cygdrive/c/WINDOWS
PATH: /cygdrive/c/WINDOWS/System32/Wbem
PATH: /cygdrive/c/WINDOWS/System32/WindowsPowerShell/v1.0
PATH: /cygdrive/c/Program Files/Intel/Intel(R) Management Engine Components/DAL
PATH: /cygdrive/c/Program Files/Intel/Intel(R) Management Engine Components/IPT
PATH: /cygdrive/c/Program Files (x86)/Intel/Intel(R) Management Engine Components/DAL
PATH: /cygdrive/c/Program Files (x86)/Intel/Intel(R) Management Engine Components/IPT
PATH: /cygdrive/c/Program Files/Intel/WiFi/bin
PATH: /cygdrive/c/Program Files/Common Files/Intel/WirelessCommon
PATH: /cygdrive/c/Program Files/Microsoft SQL Server/110/Tools/Binn
PATH: /cygdrive/c/Program Files (x86)/Microsoft SDKs/TypeScript/1.0
PATH: /cygdrive/c/Program Files/Microsoft SQL Server/120/Tools/Binn
PATH: /cygdrive/c/Program Files (x86)/Common Files/Acronis/SnapAPI
PATH: /cygdrive/c/Program Files (x86)/scala/bin
PATH: /cygdrive/c/Program Files (x86)/GtkSharp/2.12/bin
PATH: /cygdrive/c/Program Files (x86)/QuickTime/QTSystem
PATH: /cygdrive/c/Program Files/nodejs
PATH: /cygdrive/c/Program Files/Microsoft SQL Server/130/Tools/Binn
PATH: /cygdrive/c/Dev/Git/cmd
PATH: /cygdrive/c/Program Files (x86)/Windows Kits/10/Windows Performance Toolkit
PATH: /cygdrive/c/Program Files (x86)/Microsoft SQL Server/110/DTS/Binn
PATH: /cygdrive/c/Program Files (x86)/Microsoft SQL Server/120/DTS/Binn
PATH: /cygdrive/c/Program Files (x86)/Microsoft SQL Server/130/DTS/Binn
PATH: /cygdrive/c/Users/Benjamin/.dnx/bin
PATH: /cygdrive/c/Program Files/Microsoft DNX/Dnvm
PATH: /cygdrive/c/Program Files (x86)/Microsoft SQL Server/100/Tools/Binn
PATH: /cygdrive/c/Program Files/Microsoft SQL Server/100/Tools/Binn
PATH: /cygdrive/c/Program Files/Microsoft SQL Server/100/DTS/Binn
PATH: /cygdrive/c/OpenVPN/bin
PATH: /cygdrive/c/Dev/RailsInstaller/Git/cmd
PATH: /cygdrive/c/Dev/RailsInstaller/Ruby2.1.0/bin
PATH: /cygdrive/c/Users/Benjamin/AppData/Roaming/npm
PATH: /cygdrive/c/Users/Benjamin/AppData/Local/Microsoft/WindowsApps
PATH: .bin
PATH: /cygdrive/c/Program Files (x86)/Microsoft VS Code/bin


## ----------- ##
## Core tests. ##
## ----------- ##

configure:2611: checking for a BSD-compatible install
configure:2679: result: /usr/bin/install -c
configure:2690: checking whether build environment is sane
configure:2740: result: yes
configure:2789: checking for x86_64-w64-mingw32-strip
configure:2805: found /usr/bin/x86_64-w64-mingw32-strip
configure:2816: result: x86_64-w64-mingw32-strip
configure:2881: checking for a thread-safe mkdir -p
configure:2920: result: /usr/bin/mkdir -p
configure:2933: checking for gawk
configure:2949: found /usr/bin/gawk
configure:2960: result: gawk
configure:2971: checking whether make sets $(MAKE)
configure:2993: result: yes
configure:3091: checking build system type
configure:3105: result: i686-pc-cygwin
configure:3125: checking host system type
configure:3138: result: x86_64-w64-mingw32
configure:3396: checking for x86_64-w64-mingw32-gcc
configure:3412: found /usr/bin/x86_64-w64-mingw32-gcc
configure:3423: result: x86_64-w64-mingw32-gcc
configure:3692: checking for C compiler version
configure:3701: x86_64-w64-mingw32-gcc --version >&5
x86_64-w64-mingw32-gcc (GCC) 5.4.0
Copyright (C) 2015 Free Software Foundation, Inc.
This is free software; see the source for copying conditions.  There is NO
warranty; not even for MERCHANTABILITY or FITNESS FOR A PARTICULAR PURPOSE.

configure:3712: $? = 0
configure:3701: x86_64-w64-mingw32-gcc -v >&5
Using built-in specs.
COLLECT_GCC=x86_64-w64-mingw32-gcc
COLLECT_LTO_WRAPPER=/usr/lib/gcc/x86_64-w64-mingw32/5.4.0/lto-wrapper.exe
Target: x86_64-w64-mingw32
Configured with: /cygdrive/i/szsz/tmpp/cygwin64/mingw64-x86_64/mingw64-x86_64-gcc-5.4.0-3.x86_64/src/gcc-5.4.0/configure --srcdir=/cygdrive/i/szsz/tmpp/cygwin64/mingw64-x86_64/mingw64-x86_64-gcc-5.4.0-3.x86_64/src/gcc-5.4.0 --prefix=/usr --exec-prefix=/usr --localstatedir=/var --sysconfdir=/etc --docdir=/usr/share/doc/mingw64-x86_64-gcc --htmldir=/usr/share/doc/mingw64-x86_64-gcc/html -C --build=x86_64-pc-cygwin --host=x86_64-pc-cygwin --target=x86_64-w64-mingw32 --without-libiconv-prefix --without-libintl-prefix --with-sysroot=/usr/x86_64-w64-mingw32/sys-root --with-build-sysroot=/usr/x86_64-w64-mingw32/sys-root --disable-multilib --disable-win32-registry --enable-languages=c,ada,c++,fortran,lto,objc,obj-c++ --enable-fully-dynamic-string --enable-graphite --enable-libgomp --enable-libquadmath --enable-libquadmath-support --enable-libssp --enable-version-specific-runtime-libs --enable-libgomp --enable-libada --with-dwarf2 --with-gnu-ld --with-gnu-as --with-tune=generic --with-cloog-include=/usr/include/cloog-isl --with-system-zlib --enable-threads=posix --libexecdir=/usr/lib
Thread model: posix
gcc version 5.4.0 (GCC) 
configure:3712: $? = 0
configure:3701: x86_64-w64-mingw32-gcc -V >&5
x86_64-w64-mingw32-gcc: error: unrecognized command line option '-V'
x86_64-w64-mingw32-gcc: fatal error: no input files
compilation terminated.
configure:3712: $? = 1
configure:3701: x86_64-w64-mingw32-gcc -qversion >&5
x86_64-w64-mingw32-gcc: error: unrecognized command line option '-qversion'
x86_64-w64-mingw32-gcc: fatal error: no input files
compilation terminated.
configure:3712: $? = 1
configure:3732: checking whether the C compiler works
configure:3754: x86_64-w64-mingw32-gcc      conftest.c  >&5
configure:3758: $? = 0
configure:3806: result: yes
configure:3809: checking for C compiler default output file name
configure:3811: result: a.exe
configure:3817: checking for suffix of executables
configure:3824: x86_64-w64-mingw32-gcc -o conftest.exe      conftest.c  >&5
configure:3828: $? = 0
configure:3850: result: .exe
configure:3872: checking whether we are cross compiling
configure:3910: result: yes
configure:3915: checking for suffix of object files
configure:3937: x86_64-w64-mingw32-gcc -c    conftest.c >&5
configure:3941: $? = 0
configure:3962: result: o
configure:3966: checking whether we are using the GNU C compiler
configure:3985: x86_64-w64-mingw32-gcc -c    conftest.c >&5
configure:3985: $? = 0
configure:3994: result: yes
configure:4003: checking whether x86_64-w64-mingw32-gcc accepts -g
configure:4023: x86_64-w64-mingw32-gcc -c -g  conftest.c >&5
configure:4023: $? = 0
configure:4064: result: yes
configure:4081: checking for x86_64-w64-mingw32-gcc option to accept ISO C89
configure:4144: x86_64-w64-mingw32-gcc  -c    conftest.c >&5
configure:4144: $? = 0
configure:4157: result: none needed
configure:4188: checking for style of include used by make
configure:4216: result: GNU
configure:4242: checking dependency style of x86_64-w64-mingw32-gcc
configure:4353: result: gcc3
configure:4478: checking pkg-config is at least version 0.9.0
configure:4481: result: yes
configure:4494: checking for m4
configure:4510: found /usr/bin/m4
configure:4521: result: m4
configure:4580: checking how to print strings
configure:4607: result: printf
configure:4628: checking for a sed that does not truncate output
configure:4692: result: /usr/bin/sed
configure:4710: checking for grep that handles long lines and -e
configure:4768: result: /usr/bin/grep
configure:4773: checking for egrep
configure:4835: result: /usr/bin/grep -E
configure:4840: checking for fgrep
configure:4902: result: /usr/bin/grep -F
configure:4937: checking for ld used by x86_64-w64-mingw32-gcc
configure:5004: result: /usr/x86_64-w64-mingw32/bin/ld.exe
configure:5011: checking if the linker (/usr/x86_64-w64-mingw32/bin/ld.exe) is GNU ld
configure:5026: result: yes
configure:5038: checking for BSD- or MS-compatible name lister (nm)
configure:5087: result: /usr/bin/x86_64-w64-mingw32-nm -B
configure:5217: checking the name lister (/usr/bin/x86_64-w64-mingw32-nm -B) interface
configure:5224: x86_64-w64-mingw32-gcc -c    conftest.c >&5
configure:5227: /usr/bin/x86_64-w64-mingw32-nm -B "conftest.o"
configure:5230: output
0000000000000000 b .bss
0000000000000000 d .data
0000000000000000 r .rdata$zzz
0000000000000000 t .text
0000000000000000 B some_variable
configure:5237: result: BSD nm
configure:5240: checking whether ln -s works
configure:5244: result: yes
configure:5252: checking the maximum length of command line arguments
configure:5382: result: 8192
configure:5399: checking whether the shell understands some XSI constructs
configure:5409: result: yes
configure:5413: checking whether the shell understands "+="
configure:5419: result: yes
configure:5454: checking how to convert i686-pc-cygwin file names to x86_64-w64-mingw32 format
configure:5494: result: func_convert_file_cygwin_to_w32
configure:5501: checking how to convert i686-pc-cygwin file names to toolchain format
configure:5521: result: func_convert_file_noop
configure:5528: checking for /usr/x86_64-w64-mingw32/bin/ld.exe option to reload object files
configure:5535: result: -r
configure:5569: checking for x86_64-w64-mingw32-objdump
configure:5585: found /usr/bin/x86_64-w64-mingw32-objdump
configure:5596: result: x86_64-w64-mingw32-objdump
configure:5665: checking how to recognize dependent libraries
configure:5867: result: file_magic ^x86 archive import|^x86 DLL
configure:5912: checking for x86_64-w64-mingw32-dlltool
configure:5928: found /usr/bin/x86_64-w64-mingw32-dlltool
configure:5939: result: x86_64-w64-mingw32-dlltool
configure:6009: checking how to associate runtime and link libraries
configure:6036: result: func_cygming_dll_for_implib
configure:6053: checking for x86_64-w64-mingw32-ar
configure:6069: found /usr/bin/x86_64-w64-mingw32-ar
configure:6080: result: x86_64-w64-mingw32-ar
configure:6161: checking for archiver @FILE support
configure:6178: x86_64-w64-mingw32-gcc -c    conftest.c >&5
configure:6178: $? = 0
configure:6181: x86_64-w64-mingw32-ar cru libconftest.a @conftest.lst >&5
configure:6184: $? = 0
configure:6189: x86_64-w64-mingw32-ar cru libconftest.a @conftest.lst >&5
x86_64-w64-mingw32-ar: conftest.o: No such file or directory
configure:6192: $? = 1
configure:6204: result: @
configure:6222: checking for x86_64-w64-mingw32-strip
configure:6249: result: x86_64-w64-mingw32-strip
configure:6321: checking for x86_64-w64-mingw32-ranlib
configure:6337: found /usr/bin/x86_64-w64-mingw32-ranlib
configure:6348: result: x86_64-w64-mingw32-ranlib
configure:6490: checking command to parse /usr/bin/x86_64-w64-mingw32-nm -B output from x86_64-w64-mingw32-gcc object
configure:6610: x86_64-w64-mingw32-gcc -c    conftest.c >&5
configure:6613: $? = 0
configure:6617: /usr/bin/x86_64-w64-mingw32-nm -B conftest.o \| sed -n -e 's/^.*[ ]\([ABCDGIRSTW][ABCDGIRSTW]*\)[ ][ ]*\([_A-Za-z][_A-Za-z0-9]*\)$/\1 \2 \2/p' | sed '/ __gnu_lto/d' \> conftest.nm
configure:6620: $? = 0
configure:6686: x86_64-w64-mingw32-gcc -o conftest.exe      conftest.c conftstm.o >&5
configure:6689: $? = 0
configure:6727: result: ok
configure:6764: checking for sysroot
configure:6794: result: no
configure:7010: checking for x86_64-w64-mingw32-mt
configure:7040: result: no
configure:7050: checking for mt
configure:7080: result: no
configure:7100: checking if : is a manifest tool
configure:7106: : '-?'
configure:7114: result: no
configure:7756: checking how to run the C preprocessor
configure:7787: x86_64-w64-mingw32-gcc -E  conftest.c
configure:7787: $? = 0
configure:7801: x86_64-w64-mingw32-gcc -E  conftest.c
conftest.c:13:28: fatal error: ac_nonexistent.h: No such file or directory
compilation terminated.
configure:7801: $? = 1
configure: failed program was:
| /* confdefs.h */
| #define PACKAGE_NAME "pkcs11-helper"
| #define PACKAGE_TARNAME "pkcs11-helper"
| #define PACKAGE_VERSION "1.11"
| #define PACKAGE_STRING "pkcs11-helper 1.11"
| #define PACKAGE_BUGREPORT ""
| #define PACKAGE_URL ""
| #define PACKAGE "pkcs11-helper"
| #define VERSION "1.11"
| #define TEST_PROVIDER "/usr/lib/pkcs11/provider.so"
| #define TEST_LOG_LEVEL 3
| /* end confdefs.h.  */
| #include <ac_nonexistent.h>
configure:7826: result: x86_64-w64-mingw32-gcc -E
configure:7846: x86_64-w64-mingw32-gcc -E  conftest.c
configure:7846: $? = 0
configure:7860: x86_64-w64-mingw32-gcc -E  conftest.c
conftest.c:13:28: fatal error: ac_nonexistent.h: No such file or directory
compilation terminated.
configure:7860: $? = 1
configure: failed program was:
| /* confdefs.h */
| #define PACKAGE_NAME "pkcs11-helper"
| #define PACKAGE_TARNAME "pkcs11-helper"
| #define PACKAGE_VERSION "1.11"
| #define PACKAGE_STRING "pkcs11-helper 1.11"
| #define PACKAGE_BUGREPORT ""
| #define PACKAGE_URL ""
| #define PACKAGE "pkcs11-helper"
| #define VERSION "1.11"
| #define TEST_PROVIDER "/usr/lib/pkcs11/provider.so"
| #define TEST_LOG_LEVEL 3
| /* end confdefs.h.  */
| #include <ac_nonexistent.h>
configure:7889: checking for ANSI C header files
configure:7909: x86_64-w64-mingw32-gcc -c    conftest.c >&5
configure:7909: $? = 0
configure:7993: result: yes
configure:8006: checking for sys/types.h
configure:8006: x86_64-w64-mingw32-gcc -c    conftest.c >&5
configure:8006: $? = 0
configure:8006: result: yes
configure:8006: checking for sys/stat.h
configure:8006: x86_64-w64-mingw32-gcc -c    conftest.c >&5
configure:8006: $? = 0
configure:8006: result: yes
configure:8006: checking for stdlib.h
configure:8006: x86_64-w64-mingw32-gcc -c    conftest.c >&5
configure:8006: $? = 0
configure:8006: result: yes
configure:8006: checking for string.h
configure:8006: x86_64-w64-mingw32-gcc -c    conftest.c >&5
configure:8006: $? = 0
configure:8006: result: yes
configure:8006: checking for memory.h
configure:8006: x86_64-w64-mingw32-gcc -c    conftest.c >&5
configure:8006: $? = 0
configure:8006: result: yes
configure:8006: checking for strings.h
configure:8006: x86_64-w64-mingw32-gcc -c    conftest.c >&5
configure:8006: $? = 0
configure:8006: result: yes
configure:8006: checking for inttypes.h
configure:8006: x86_64-w64-mingw32-gcc -c    conftest.c >&5
configure:8006: $? = 0
configure:8006: result: yes
configure:8006: checking for stdint.h
configure:8006: x86_64-w64-mingw32-gcc -c    conftest.c >&5
configure:8006: $? = 0
configure:8006: result: yes
configure:8006: checking for unistd.h
configure:8006: x86_64-w64-mingw32-gcc -c    conftest.c >&5
configure:8006: $? = 0
configure:8006: result: yes
configure:8020: checking for dlfcn.h
configure:8020: x86_64-w64-mingw32-gcc -c    conftest.c >&5
conftest.c:57:19: fatal error: dlfcn.h: No such file or directory
compilation terminated.
configure:8020: $? = 1
configure: failed program was:
| /* confdefs.h */
| #define PACKAGE_NAME "pkcs11-helper"
| #define PACKAGE_TARNAME "pkcs11-helper"
| #define PACKAGE_VERSION "1.11"
| #define PACKAGE_STRING "pkcs11-helper 1.11"
| #define PACKAGE_BUGREPORT ""
| #define PACKAGE_URL ""
| #define PACKAGE "pkcs11-helper"
| #define VERSION "1.11"
| #define TEST_PROVIDER "/usr/lib/pkcs11/provider.so"
| #define TEST_LOG_LEVEL 3
| #define STDC_HEADERS 1
| #define HAVE_SYS_TYPES_H 1
| #define HAVE_SYS_STAT_H 1
| #define HAVE_STDLIB_H 1
| #define HAVE_STRING_H 1
| #define HAVE_MEMORY_H 1
| #define HAVE_STRINGS_H 1
| #define HAVE_INTTYPES_H 1
| #define HAVE_STDINT_H 1
| #define HAVE_UNISTD_H 1
| /* end confdefs.h.  */
| #include <stdio.h>
| #ifdef HAVE_SYS_TYPES_H
| # include <sys/types.h>
| #endif
| #ifdef HAVE_SYS_STAT_H
| # include <sys/stat.h>
| #endif
| #ifdef STDC_HEADERS
| # include <stdlib.h>
| # include <stddef.h>
| #else
| # ifdef HAVE_STDLIB_H
| #  include <stdlib.h>
| # endif
| #endif
| #ifdef HAVE_STRING_H
| # if !defined STDC_HEADERS && defined HAVE_MEMORY_H
| #  include <memory.h>
| # endif
| # include <string.h>
| #endif
| #ifdef HAVE_STRINGS_H
| # include <strings.h>
| #endif
| #ifdef HAVE_INTTYPES_H
| # include <inttypes.h>
| #endif
| #ifdef HAVE_STDINT_H
| # include <stdint.h>
| #endif
| #ifdef HAVE_UNISTD_H
| # include <unistd.h>
| #endif
| 
| #include <dlfcn.h>
configure:8020: result: no
configure:8043: checking for x86_64-w64-mingw32-as
configure:8059: found /usr/bin/x86_64-w64-mingw32-as
configure:8070: result: x86_64-w64-mingw32-as
configure:8135: checking for x86_64-w64-mingw32-dlltool
configure:8162: result: x86_64-w64-mingw32-dlltool
configure:8227: checking for x86_64-w64-mingw32-objdump
configure:8254: result: x86_64-w64-mingw32-objdump
configure:8524: checking for objdir
configure:8539: result: .libs
configure:8810: checking if x86_64-w64-mingw32-gcc supports -fno-rtti -fno-exceptions
configure:8828: x86_64-w64-mingw32-gcc -c    -fno-rtti -fno-exceptions conftest.c >&5
cc1: warning: command line option '-fno-rtti' is valid for C++/ObjC++ but not for C
configure:8832: $? = 0
configure:8845: result: no
configure:9172: checking for x86_64-w64-mingw32-gcc option to produce PIC
configure:9179: result: -DDLL_EXPORT -DPIC
configure:9187: checking if x86_64-w64-mingw32-gcc PIC flag -DDLL_EXPORT -DPIC works
configure:9205: x86_64-w64-mingw32-gcc -c    -DDLL_EXPORT -DPIC -DPIC conftest.c >&5
configure:9209: $? = 0
configure:9222: result: yes
configure:9251: checking if x86_64-w64-mingw32-gcc static flag -static works
configure:9279: result: yes
configure:9294: checking if x86_64-w64-mingw32-gcc supports -c -o file.o
configure:9315: x86_64-w64-mingw32-gcc -c    -o out/conftest2.o conftest.c >&5
configure:9319: $? = 0
configure:9341: result: yes
configure:9349: checking if x86_64-w64-mingw32-gcc supports -c -o file.o
configure:9396: result: yes
configure:9429: checking whether the x86_64-w64-mingw32-gcc linker (/usr/x86_64-w64-mingw32/bin/ld.exe) supports shared libraries
configure:10582: result: yes
configure:10619: checking whether -lc should be explicitly linked in
configure:10627: x86_64-w64-mingw32-gcc -c    conftest.c >&5
configure:10630: $? = 0
configure:10645: x86_64-w64-mingw32-gcc -shared conftest.o  -v -o ./conftest -Wl,--enable-auto-image-base -Xlinker --out-implib -Xlinker conftest 2\>\&1 \| /usr/bin/grep  -lc  \>/dev/null 2\>\&1
configure:10648: $? = 1
configure:10662: result: yes
configure:10822: checking dynamic linker characteristics
configure:11568: result: Win32 ld.exe
configure:11675: checking how to hardcode library paths into programs
configure:11700: result: immediate
configure:12240: checking whether stripping libraries is possible
configure:12245: result: yes
configure:12280: checking if libtool supports shared libraries
configure:12282: result: yes
configure:12285: checking whether to build shared libraries
configure:12306: result: yes
configure:12309: checking whether to build static libraries
configure:12313: result: yes
configure:12353: checking for x86_64-w64-mingw32-windres
configure:12369: found /usr/bin/x86_64-w64-mingw32-windres
configure:12380: result: x86_64-w64-mingw32-windres
configure:12583: checking for man2html
configure:12599: found /usr/local/bin/man2html
configure:12610: result: man2html
configure:12624: checking whether time.h and sys/time.h may both be included
configure:12644: x86_64-w64-mingw32-gcc -c    conftest.c >&5
configure:12644: $? = 0
configure:12651: result: yes
configure:12665: checking for sys/time.h
configure:12665: x86_64-w64-mingw32-gcc -c    conftest.c >&5
configure:12665: $? = 0
configure:12665: result: yes
configure:12665: checking for unistd.h
configure:12665: result: yes
configure:12686: checking for alarm
configure:12686: x86_64-w64-mingw32-gcc -o conftest.exe      conftest.c  >&5
configure:12686: $? = 0
configure:12686: result: yes
configure:12699: checking for working mktime
configure:12911: result: no
configure:12924: checking for vprintf
configure:12924: x86_64-w64-mingw32-gcc -o conftest.exe      conftest.c  >&5
conftest.c:51:6: warning: conflicting types for built-in function 'vprintf'
 char vprintf ();
      ^
configure:12924: $? = 0
configure:12924: result: yes
configure:12930: checking for _doprnt
configure:12930: x86_64-w64-mingw32-gcc -o conftest.exe      conftest.c  >&5
/tmp/ccWG3b2b.o:conftest.c:(.text+0xe): undefined reference to `_doprnt'
collect2: error: ld returned 1 exit status
configure:12930: $? = 1
configure: failed program was:
| /* confdefs.h */
| #define PACKAGE_NAME "pkcs11-helper"
| #define PACKAGE_TARNAME "pkcs11-helper"
| #define PACKAGE_VERSION "1.11"
| #define PACKAGE_STRING "pkcs11-helper 1.11"
| #define PACKAGE_BUGREPORT ""
| #define PACKAGE_URL ""
| #define PACKAGE "pkcs11-helper"
| #define VERSION "1.11"
| #define TEST_PROVIDER "/usr/lib/pkcs11/provider.so"
| #define TEST_LOG_LEVEL 3
| #define STDC_HEADERS 1
| #define HAVE_SYS_TYPES_H 1
| #define HAVE_SYS_STAT_H 1
| #define HAVE_STDLIB_H 1
| #define HAVE_STRING_H 1
| #define HAVE_MEMORY_H 1
| #define HAVE_STRINGS_H 1
| #define HAVE_INTTYPES_H 1
| #define HAVE_STDINT_H 1
| #define HAVE_UNISTD_H 1
| #define LT_OBJDIR ".libs/"
| #define TIME_WITH_SYS_TIME 1
| #define HAVE_SYS_TIME_H 1
| #define HAVE_UNISTD_H 1
| #define HAVE_ALARM 1
| #define HAVE_VPRINTF 1
| /* end confdefs.h.  */
| /* Define _doprnt to an innocuous variant, in case <limits.h> declares _doprnt.
|    For example, HP-UX 11i <limits.h> declares gettimeofday.  */
| #define _doprnt innocuous__doprnt
| 
| /* System header to define __stub macros and hopefully few prototypes,
|     which can conflict with char _doprnt (); below.
|     Prefer <limits.h> to <assert.h> if __STDC__ is defined, since
|     <limits.h> exists even on freestanding compilers.  */
| 
| #ifdef __STDC__
| # include <limits.h>
| #else
| # include <assert.h>
| #endif
| 
| #undef _doprnt
| 
| /* Override any GCC internal prototype to avoid an error.
|    Use char because int might match the return type of a GCC
|    builtin and then its argument prototype would still apply.  */
| #ifdef __cplusplus
| extern "C"
| #endif
| char _doprnt ();
| /* The GNU C library defines this for functions which it implements
|     to always fail with ENOSYS.  Some functions are actually named
|     something starting with __ and the normal name is an alias.  */
| #if defined __stub__doprnt || defined __stub____doprnt
| choke me
| #endif
| 
| int
| main ()
| {
| return _doprnt ();
|   ;
|   return 0;
| }
configure:12930: result: no
configure:12947: checking for gettimeofday
configure:12947: x86_64-w64-mingw32-gcc -o conftest.exe      conftest.c  >&5
configure:12947: $? = 0
configure:12947: result: yes
configure:12947: checking for memmove
configure:12947: x86_64-w64-mingw32-gcc -o conftest.exe      conftest.c  >&5
conftest.c:53:6: warning: conflicting types for built-in function 'memmove'
 char memmove ();
      ^
configure:12947: $? = 0
configure:12947: result: yes
configure:12947: checking for memset
configure:12947: x86_64-w64-mingw32-gcc -o conftest.exe      conftest.c  >&5
conftest.c:54:6: warning: conflicting types for built-in function 'memset'
 char memset ();
      ^
configure:12947: $? = 0
configure:12947: result: yes
configure:12947: checking for socket
configure:12947: x86_64-w64-mingw32-gcc -o conftest.exe      conftest.c  >&5
/tmp/ccbZdQjN.o:conftest.c:(.text+0xe): undefined reference to `socket'
collect2: error: ld returned 1 exit status
configure:12947: $? = 1
configure: failed program was:
| /* confdefs.h */
| #define PACKAGE_NAME "pkcs11-helper"
| #define PACKAGE_TARNAME "pkcs11-helper"
| #define PACKAGE_VERSION "1.11"
| #define PACKAGE_STRING "pkcs11-helper 1.11"
| #define PACKAGE_BUGREPORT ""
| #define PACKAGE_URL ""
| #define PACKAGE "pkcs11-helper"
| #define VERSION "1.11"
| #define TEST_PROVIDER "/usr/lib/pkcs11/provider.so"
| #define TEST_LOG_LEVEL 3
| #define STDC_HEADERS 1
| #define HAVE_SYS_TYPES_H 1
| #define HAVE_SYS_STAT_H 1
| #define HAVE_STDLIB_H 1
| #define HAVE_STRING_H 1
| #define HAVE_MEMORY_H 1
| #define HAVE_STRINGS_H 1
| #define HAVE_INTTYPES_H 1
| #define HAVE_STDINT_H 1
| #define HAVE_UNISTD_H 1
| #define LT_OBJDIR ".libs/"
| #define TIME_WITH_SYS_TIME 1
| #define HAVE_SYS_TIME_H 1
| #define HAVE_UNISTD_H 1
| #define HAVE_ALARM 1
| #define HAVE_VPRINTF 1
| #define HAVE_GETTIMEOFDAY 1
| #define HAVE_MEMMOVE 1
| #define HAVE_MEMSET 1
| /* end confdefs.h.  */
| /* Define socket to an innocuous variant, in case <limits.h> declares socket.
|    For example, HP-UX 11i <limits.h> declares gettimeofday.  */
| #define socket innocuous_socket
| 
| /* System header to define __stub macros and hopefully few prototypes,
|     which can conflict with char socket (); below.
|     Prefer <limits.h> to <assert.h> if __STDC__ is defined, since
|     <limits.h> exists even on freestanding compilers.  */
| 
| #ifdef __STDC__
| # include <limits.h>
| #else
| # include <assert.h>
| #endif
| 
| #undef socket
| 
| /* Override any GCC internal prototype to avoid an error.
|    Use char because int might match the return type of a GCC
|    builtin and then its argument prototype would still apply.  */
| #ifdef __cplusplus
| extern "C"
| #endif
| char socket ();
| /* The GNU C library defines this for functions which it implements
|     to always fail with ENOSYS.  Some functions are actually named
|     something starting with __ and the normal name is an alias.  */
| #if defined __stub_socket || defined __stub___socket
| choke me
| #endif
| 
| int
| main ()
| {
| return socket ();
|   ;
|   return 0;
| }
configure:12947: result: no
configure:12947: checking for strchr
configure:12947: x86_64-w64-mingw32-gcc -o conftest.exe      conftest.c  >&5
conftest.c:55:6: warning: conflicting types for built-in function 'strchr'
 char strchr ();
      ^
configure:12947: $? = 0
configure:12947: result: yes
configure:12947: checking for strdup
configure:12947: x86_64-w64-mingw32-gcc -o conftest.exe      conftest.c  >&5
conftest.c:56:6: warning: conflicting types for built-in function 'strdup'
 char strdup ();
      ^
configure:12947: $? = 0
configure:12947: result: yes
configure:12947: checking for strerror
configure:12947: x86_64-w64-mingw32-gcc -o conftest.exe      conftest.c  >&5
configure:12947: $? = 0
configure:12947: result: yes
configure:12947: checking for strrchr
configure:12947: x86_64-w64-mingw32-gcc -o conftest.exe      conftest.c  >&5
conftest.c:58:6: warning: conflicting types for built-in function 'strrchr'
 char strrchr ();
      ^
configure:12947: $? = 0
configure:12947: result: yes
configure:12947: checking for snprintf
configure:12947: x86_64-w64-mingw32-gcc -o conftest.exe      conftest.c  >&5
conftest.c:59:6: warning: conflicting types for built-in function 'snprintf'
 char snprintf ();
      ^
configure:12947: $? = 0
configure:12947: result: yes
configure:12958: checking for dlopen in -ldl
configure:12983: x86_64-w64-mingw32-gcc -o conftest.exe      conftest.c -ldl   >&5
/usr/lib/gcc/x86_64-w64-mingw32/5.4.0/../../../../x86_64-w64-mingw32/bin/ld: cannot find -ldl
collect2: error: ld returned 1 exit status
configure:12983: $? = 1
configure: failed program was:
| /* confdefs.h */
| #define PACKAGE_NAME "pkcs11-helper"
| #define PACKAGE_TARNAME "pkcs11-helper"
| #define PACKAGE_VERSION "1.11"
| #define PACKAGE_STRING "pkcs11-helper 1.11"
| #define PACKAGE_BUGREPORT ""
| #define PACKAGE_URL ""
| #define PACKAGE "pkcs11-helper"
| #define VERSION "1.11"
| #define TEST_PROVIDER "/usr/lib/pkcs11/provider.so"
| #define TEST_LOG_LEVEL 3
| #define STDC_HEADERS 1
| #define HAVE_SYS_TYPES_H 1
| #define HAVE_SYS_STAT_H 1
| #define HAVE_STDLIB_H 1
| #define HAVE_STRING_H 1
| #define HAVE_MEMORY_H 1
| #define HAVE_STRINGS_H 1
| #define HAVE_INTTYPES_H 1
| #define HAVE_STDINT_H 1
| #define HAVE_UNISTD_H 1
| #define LT_OBJDIR ".libs/"
| #define TIME_WITH_SYS_TIME 1
| #define HAVE_SYS_TIME_H 1
| #define HAVE_UNISTD_H 1
| #define HAVE_ALARM 1
| #define HAVE_VPRINTF 1
| #define HAVE_GETTIMEOFDAY 1
| #define HAVE_MEMMOVE 1
| #define HAVE_MEMSET 1
| #define HAVE_STRCHR 1
| #define HAVE_STRDUP 1
| #define HAVE_STRERROR 1
| #define HAVE_STRRCHR 1
| #define HAVE_SNPRINTF 1
| /* end confdefs.h.  */
| 
| /* Override any GCC internal prototype to avoid an error.
|    Use char because int might match the return type of a GCC
|    builtin and then its argument prototype would still apply.  */
| #ifdef __cplusplus
| extern "C"
| #endif
| char dlopen ();
| int
| main ()
| {
| return dlopen ();
|   ;
|   return 0;
| }
configure:12992: result: no
configure:13054: checking for OPENSSL
configure:13119: result: yes
configure:13200: checking for ECDSA_METHOD_new
configure:13200: x86_64-w64-mingw32-gcc -o conftest.exe      conftest.c  -L/cygdrive/c/dev/7tunnels/openvpn-build-master/generic/image-win/openvpn/lib -lssl -lcrypto >&5
configure:13200: $? = 0
configure:13200: result: yes
configure:13257: checking for OpenSSL ec support
configure:13259: result: yes
configure:13265: checking for GNUTLS
configure:13272: $PKG_CONFIG --exists --print-errors "gnutls >= 1.4"
configure:13275: $? = 0
configure:13289: $PKG_CONFIG --exists --print-errors "gnutls >= 1.4"
configure:13292: $? = 0
configure:13330: result: yes
configure:13336: checking for NSS
configure:13343: $PKG_CONFIG --exists --print-errors "nss >= 3.11"
configure:13346: $? = 0
configure:13360: $PKG_CONFIG --exists --print-errors "nss >= 3.11"
configure:13363: $? = 0
configure:13401: result: yes
configure:13409: checking for x509parse_crt in -lpolarssl
configure:13434: x86_64-w64-mingw32-gcc -o conftest.exe      conftest.c -lpolarssl   >&5
/usr/lib/gcc/x86_64-w64-mingw32/5.4.0/../../../../x86_64-w64-mingw32/bin/ld: cannot find -lpolarssl
collect2: error: ld returned 1 exit status
configure:13434: $? = 1
configure: failed program was:
| /* confdefs.h */
| #define PACKAGE_NAME "pkcs11-helper"
| #define PACKAGE_TARNAME "pkcs11-helper"
| #define PACKAGE_VERSION "1.11"
| #define PACKAGE_STRING "pkcs11-helper 1.11"
| #define PACKAGE_BUGREPORT ""
| #define PACKAGE_URL ""
| #define PACKAGE "pkcs11-helper"
| #define VERSION "1.11"
| #define TEST_PROVIDER "/usr/lib/pkcs11/provider.so"
| #define TEST_LOG_LEVEL 3
| #define STDC_HEADERS 1
| #define HAVE_SYS_TYPES_H 1
| #define HAVE_SYS_STAT_H 1
| #define HAVE_STDLIB_H 1
| #define HAVE_STRING_H 1
| #define HAVE_MEMORY_H 1
| #define HAVE_STRINGS_H 1
| #define HAVE_INTTYPES_H 1
| #define HAVE_STDINT_H 1
| #define HAVE_UNISTD_H 1
| #define LT_OBJDIR ".libs/"
| #define TIME_WITH_SYS_TIME 1
| #define HAVE_SYS_TIME_H 1
| #define HAVE_UNISTD_H 1
| #define HAVE_ALARM 1
| #define HAVE_VPRINTF 1
| #define HAVE_GETTIMEOFDAY 1
| #define HAVE_MEMMOVE 1
| #define HAVE_MEMSET 1
| #define HAVE_STRCHR 1
| #define HAVE_STRDUP 1
| #define HAVE_STRERROR 1
| #define HAVE_STRRCHR 1
| #define HAVE_SNPRINTF 1
| #define ENABLE_PKCS11H_OPENSSL_EC 1
| /* end confdefs.h.  */
| 
| /* Override any GCC internal prototype to avoid an error.
|    Use char because int might match the return type of a GCC
|    builtin and then its argument prototype would still apply.  */
| #ifdef __cplusplus
| extern "C"
| #endif
| char x509parse_crt ();
| int
| main ()
| {
| return x509parse_crt ();
|   ;
|   return 0;
| }
configure:13443: result: no
configure:13460: checking for ANSI C header files
configure:13564: result: yes
configure:13572: checking for ISO C 1999 vararg macro support
configure:13581: x86_64-w64-mingw32-gcc -c    conftest.c >&5
configure:13581: $? = 0
configure:13588: result: yes
configure:13596: checking for GNU GCC vararg macro support
configure:13605: x86_64-w64-mingw32-gcc -c    conftest.c >&5
configure:13605: $? = 0
configure:13612: result: yes
configure:13620: checking for an ANSI C-conforming const
configure:13686: x86_64-w64-mingw32-gcc -c    conftest.c >&5
configure:13686: $? = 0
configure:13693: result: yes
configure:13701: checking for working volatile
configure:13720: x86_64-w64-mingw32-gcc -c    conftest.c >&5
configure:13720: $? = 0
configure:13727: result: yes
configure:13735: checking for off_t
configure:13735: x86_64-w64-mingw32-gcc -c    conftest.c >&5
configure:13735: $? = 0
configure:13735: x86_64-w64-mingw32-gcc -c    conftest.c >&5
conftest.c: In function 'main':
conftest.c:77:20: error: expected expression before ')' token
 if (sizeof ((off_t)))
                    ^
configure:13735: $? = 1
configure: failed program was:
| /* confdefs.h */
| #define PACKAGE_NAME "pkcs11-helper"
| #define PACKAGE_TARNAME "pkcs11-helper"
| #define PACKAGE_VERSION "1.11"
| #define PACKAGE_STRING "pkcs11-helper 1.11"
| #define PACKAGE_BUGREPORT ""
| #define PACKAGE_URL ""
| #define PACKAGE "pkcs11-helper"
| #define VERSION "1.11"
| #define TEST_PROVIDER "/usr/lib/pkcs11/provider.so"
| #define TEST_LOG_LEVEL 3
| #define STDC_HEADERS 1
| #define HAVE_SYS_TYPES_H 1
| #define HAVE_SYS_STAT_H 1
| #define HAVE_STDLIB_H 1
| #define HAVE_STRING_H 1
| #define HAVE_MEMORY_H 1
| #define HAVE_STRINGS_H 1
| #define HAVE_INTTYPES_H 1
| #define HAVE_STDINT_H 1
| #define HAVE_UNISTD_H 1
| #define LT_OBJDIR ".libs/"
| #define TIME_WITH_SYS_TIME 1
| #define HAVE_SYS_TIME_H 1
| #define HAVE_UNISTD_H 1
| #define HAVE_ALARM 1
| #define HAVE_VPRINTF 1
| #define HAVE_GETTIMEOFDAY 1
| #define HAVE_MEMMOVE 1
| #define HAVE_MEMSET 1
| #define HAVE_STRCHR 1
| #define HAVE_STRDUP 1
| #define HAVE_STRERROR 1
| #define HAVE_STRRCHR 1
| #define HAVE_SNPRINTF 1
| #define ENABLE_PKCS11H_OPENSSL_EC 1
| #define STDC_HEADERS 1
| #define HAVE_CPP_VARARG_MACRO_ISO 1
| #define HAVE_CPP_VARARG_MACRO_GCC 1
| /* end confdefs.h.  */
| #include <stdio.h>
| #ifdef HAVE_SYS_TYPES_H
| # include <sys/types.h>
| #endif
| #ifdef HAVE_SYS_STAT_H
| # include <sys/stat.h>
| #endif
| #ifdef STDC_HEADERS
| # include <stdlib.h>
| # include <stddef.h>
| #else
| # ifdef HAVE_STDLIB_H
| #  include <stdlib.h>
| # endif
| #endif
| #ifdef HAVE_STRING_H
| # if !defined STDC_HEADERS && defined HAVE_MEMORY_H
| #  include <memory.h>
| # endif
| # include <string.h>
| #endif
| #ifdef HAVE_STRINGS_H
| # include <strings.h>
| #endif
| #ifdef HAVE_INTTYPES_H
| # include <inttypes.h>
| #endif
| #ifdef HAVE_STDINT_H
| # include <stdint.h>
| #endif
| #ifdef HAVE_UNISTD_H
| # include <unistd.h>
| #endif
| int
| main ()
| {
| if (sizeof ((off_t)))
| 	    return 0;
|   ;
|   return 0;
| }
configure:13735: result: yes
configure:13746: checking for pid_t
configure:13746: x86_64-w64-mingw32-gcc -c    conftest.c >&5
configure:13746: $? = 0
configure:13746: x86_64-w64-mingw32-gcc -c    conftest.c >&5
conftest.c: In function 'main':
conftest.c:77:20: error: expected expression before ')' token
 if (sizeof ((pid_t)))
                    ^
configure:13746: $? = 1
configure: failed program was:
| /* confdefs.h */
| #define PACKAGE_NAME "pkcs11-helper"
| #define PACKAGE_TARNAME "pkcs11-helper"
| #define PACKAGE_VERSION "1.11"
| #define PACKAGE_STRING "pkcs11-helper 1.11"
| #define PACKAGE_BUGREPORT ""
| #define PACKAGE_URL ""
| #define PACKAGE "pkcs11-helper"
| #define VERSION "1.11"
| #define TEST_PROVIDER "/usr/lib/pkcs11/provider.so"
| #define TEST_LOG_LEVEL 3
| #define STDC_HEADERS 1
| #define HAVE_SYS_TYPES_H 1
| #define HAVE_SYS_STAT_H 1
| #define HAVE_STDLIB_H 1
| #define HAVE_STRING_H 1
| #define HAVE_MEMORY_H 1
| #define HAVE_STRINGS_H 1
| #define HAVE_INTTYPES_H 1
| #define HAVE_STDINT_H 1
| #define HAVE_UNISTD_H 1
| #define LT_OBJDIR ".libs/"
| #define TIME_WITH_SYS_TIME 1
| #define HAVE_SYS_TIME_H 1
| #define HAVE_UNISTD_H 1
| #define HAVE_ALARM 1
| #define HAVE_VPRINTF 1
| #define HAVE_GETTIMEOFDAY 1
| #define HAVE_MEMMOVE 1
| #define HAVE_MEMSET 1
| #define HAVE_STRCHR 1
| #define HAVE_STRDUP 1
| #define HAVE_STRERROR 1
| #define HAVE_STRRCHR 1
| #define HAVE_SNPRINTF 1
| #define ENABLE_PKCS11H_OPENSSL_EC 1
| #define STDC_HEADERS 1
| #define HAVE_CPP_VARARG_MACRO_ISO 1
| #define HAVE_CPP_VARARG_MACRO_GCC 1
| /* end confdefs.h.  */
| #include <stdio.h>
| #ifdef HAVE_SYS_TYPES_H
| # include <sys/types.h>
| #endif
| #ifdef HAVE_SYS_STAT_H
| # include <sys/stat.h>
| #endif
| #ifdef STDC_HEADERS
| # include <stdlib.h>
| # include <stddef.h>
| #else
| # ifdef HAVE_STDLIB_H
| #  include <stdlib.h>
| # endif
| #endif
| #ifdef HAVE_STRING_H
| # if !defined STDC_HEADERS && defined HAVE_MEMORY_H
| #  include <memory.h>
| # endif
| # include <string.h>
| #endif
| #ifdef HAVE_STRINGS_H
| # include <strings.h>
| #endif
| #ifdef HAVE_INTTYPES_H
| # include <inttypes.h>
| #endif
| #ifdef HAVE_STDINT_H
| # include <stdint.h>
| #endif
| #ifdef HAVE_UNISTD_H
| # include <unistd.h>
| #endif
| int
| main ()
| {
| if (sizeof ((pid_t)))
| 	    return 0;
|   ;
|   return 0;
| }
configure:13746: result: yes
configure:13757: checking for size_t
configure:13757: x86_64-w64-mingw32-gcc -c    conftest.c >&5
configure:13757: $? = 0
configure:13757: x86_64-w64-mingw32-gcc -c    conftest.c >&5
conftest.c: In function 'main':
conftest.c:77:21: error: expected expression before ')' token
 if (sizeof ((size_t)))
                     ^
configure:13757: $? = 1
configure: failed program was:
| /* confdefs.h */
| #define PACKAGE_NAME "pkcs11-helper"
| #define PACKAGE_TARNAME "pkcs11-helper"
| #define PACKAGE_VERSION "1.11"
| #define PACKAGE_STRING "pkcs11-helper 1.11"
| #define PACKAGE_BUGREPORT ""
| #define PACKAGE_URL ""
| #define PACKAGE "pkcs11-helper"
| #define VERSION "1.11"
| #define TEST_PROVIDER "/usr/lib/pkcs11/provider.so"
| #define TEST_LOG_LEVEL 3
| #define STDC_HEADERS 1
| #define HAVE_SYS_TYPES_H 1
| #define HAVE_SYS_STAT_H 1
| #define HAVE_STDLIB_H 1
| #define HAVE_STRING_H 1
| #define HAVE_MEMORY_H 1
| #define HAVE_STRINGS_H 1
| #define HAVE_INTTYPES_H 1
| #define HAVE_STDINT_H 1
| #define HAVE_UNISTD_H 1
| #define LT_OBJDIR ".libs/"
| #define TIME_WITH_SYS_TIME 1
| #define HAVE_SYS_TIME_H 1
| #define HAVE_UNISTD_H 1
| #define HAVE_ALARM 1
| #define HAVE_VPRINTF 1
| #define HAVE_GETTIMEOFDAY 1
| #define HAVE_MEMMOVE 1
| #define HAVE_MEMSET 1
| #define HAVE_STRCHR 1
| #define HAVE_STRDUP 1
| #define HAVE_STRERROR 1
| #define HAVE_STRRCHR 1
| #define HAVE_SNPRINTF 1
| #define ENABLE_PKCS11H_OPENSSL_EC 1
| #define STDC_HEADERS 1
| #define HAVE_CPP_VARARG_MACRO_ISO 1
| #define HAVE_CPP_VARARG_MACRO_GCC 1
| /* end confdefs.h.  */
| #include <stdio.h>
| #ifdef HAVE_SYS_TYPES_H
| # include <sys/types.h>
| #endif
| #ifdef HAVE_SYS_STAT_H
| # include <sys/stat.h>
| #endif
| #ifdef STDC_HEADERS
| # include <stdlib.h>
| # include <stddef.h>
| #else
| # ifdef HAVE_STDLIB_H
| #  include <stdlib.h>
| # endif
| #endif
| #ifdef HAVE_STRING_H
| # if !defined STDC_HEADERS && defined HAVE_MEMORY_H
| #  include <memory.h>
| # endif
| # include <string.h>
| #endif
| #ifdef HAVE_STRINGS_H
| # include <strings.h>
| #endif
| #ifdef HAVE_INTTYPES_H
| # include <inttypes.h>
| #endif
| #ifdef HAVE_STDINT_H
| # include <stdint.h>
| #endif
| #ifdef HAVE_UNISTD_H
| # include <unistd.h>
| #endif
| int
| main ()
| {
| if (sizeof ((size_t)))
| 	    return 0;
|   ;
|   return 0;
| }
configure:13757: result: yes
configure:13768: checking whether time.h and sys/time.h may both be included
configure:13795: result: yes
configure:13803: checking whether struct tm is in sys/time.h or time.h
configure:13823: x86_64-w64-mingw32-gcc -c    conftest.c >&5
configure:13823: $? = 0
configure:13830: result: time.h
configure:13838: checking for size_t
configure:13838: result: yes
configure:13852: checking size of size_t
configure:13857: x86_64-w64-mingw32-gcc -c    conftest.c >&5
configure:13857: $? = 0
configure:13857: x86_64-w64-mingw32-gcc -c    conftest.c >&5
conftest.c: In function 'main':
conftest.c:78:12: error: size of array 'test_array' is negative
 static int test_array [1 - 2 * !(((long int) (sizeof (size_t))) <= 0)];
            ^
configure:13857: $? = 1
configure: failed program was:
| /* confdefs.h */
| #define PACKAGE_NAME "pkcs11-helper"
| #define PACKAGE_TARNAME "pkcs11-helper"
| #define PACKAGE_VERSION "1.11"
| #define PACKAGE_STRING "pkcs11-helper 1.11"
| #define PACKAGE_BUGREPORT ""
| #define PACKAGE_URL ""
| #define PACKAGE "pkcs11-helper"
| #define VERSION "1.11"
| #define TEST_PROVIDER "/usr/lib/pkcs11/provider.so"
| #define TEST_LOG_LEVEL 3
| #define STDC_HEADERS 1
| #define HAVE_SYS_TYPES_H 1
| #define HAVE_SYS_STAT_H 1
| #define HAVE_STDLIB_H 1
| #define HAVE_STRING_H 1
| #define HAVE_MEMORY_H 1
| #define HAVE_STRINGS_H 1
| #define HAVE_INTTYPES_H 1
| #define HAVE_STDINT_H 1
| #define HAVE_UNISTD_H 1
| #define LT_OBJDIR ".libs/"
| #define TIME_WITH_SYS_TIME 1
| #define HAVE_SYS_TIME_H 1
| #define HAVE_UNISTD_H 1
| #define HAVE_ALARM 1
| #define HAVE_VPRINTF 1
| #define HAVE_GETTIMEOFDAY 1
| #define HAVE_MEMMOVE 1
| #define HAVE_MEMSET 1
| #define HAVE_STRCHR 1
| #define HAVE_STRDUP 1
| #define HAVE_STRERROR 1
| #define HAVE_STRRCHR 1
| #define HAVE_SNPRINTF 1
| #define ENABLE_PKCS11H_OPENSSL_EC 1
| #define STDC_HEADERS 1
| #define HAVE_CPP_VARARG_MACRO_ISO 1
| #define HAVE_CPP_VARARG_MACRO_GCC 1
| #define TIME_WITH_SYS_TIME 1
| /* end confdefs.h.  */
| #include <stdio.h>
| #ifdef HAVE_SYS_TYPES_H
| # include <sys/types.h>
| #endif
| #ifdef HAVE_SYS_STAT_H
| # include <sys/stat.h>
| #endif
| #ifdef STDC_HEADERS
| # include <stdlib.h>
| # include <stddef.h>
| #else
| # ifdef HAVE_STDLIB_H
| #  include <stdlib.h>
| # endif
| #endif
| #ifdef HAVE_STRING_H
| # if !defined STDC_HEADERS && defined HAVE_MEMORY_H
| #  include <memory.h>
| # endif
| # include <string.h>
| #endif
| #ifdef HAVE_STRINGS_H
| # include <strings.h>
| #endif
| #ifdef HAVE_INTTYPES_H
| # include <inttypes.h>
| #endif
| #ifdef HAVE_STDINT_H
| # include <stdint.h>
| #endif
| #ifdef HAVE_UNISTD_H
| # include <unistd.h>
| #endif
| int
| main ()
| {
| static int test_array [1 - 2 * !(((long int) (sizeof (size_t))) <= 0)];
| test_array [0] = 0;
| return test_array [0];
| 
|   ;
|   return 0;
| }
configure:13857: x86_64-w64-mingw32-gcc -c    conftest.c >&5
conftest.c: In function 'main':
conftest.c:78:12: error: size of array 'test_array' is negative
 static int test_array [1 - 2 * !(((long int) (sizeof (size_t))) <= 1)];
            ^
configure:13857: $? = 1
configure: failed program was:
| /* confdefs.h */
| #define PACKAGE_NAME "pkcs11-helper"
| #define PACKAGE_TARNAME "pkcs11-helper"
| #define PACKAGE_VERSION "1.11"
| #define PACKAGE_STRING "pkcs11-helper 1.11"
| #define PACKAGE_BUGREPORT ""
| #define PACKAGE_URL ""
| #define PACKAGE "pkcs11-helper"
| #define VERSION "1.11"
| #define TEST_PROVIDER "/usr/lib/pkcs11/provider.so"
| #define TEST_LOG_LEVEL 3
| #define STDC_HEADERS 1
| #define HAVE_SYS_TYPES_H 1
| #define HAVE_SYS_STAT_H 1
| #define HAVE_STDLIB_H 1
| #define HAVE_STRING_H 1
| #define HAVE_MEMORY_H 1
| #define HAVE_STRINGS_H 1
| #define HAVE_INTTYPES_H 1
| #define HAVE_STDINT_H 1
| #define HAVE_UNISTD_H 1
| #define LT_OBJDIR ".libs/"
| #define TIME_WITH_SYS_TIME 1
| #define HAVE_SYS_TIME_H 1
| #define HAVE_UNISTD_H 1
| #define HAVE_ALARM 1
| #define HAVE_VPRINTF 1
| #define HAVE_GETTIMEOFDAY 1
| #define HAVE_MEMMOVE 1
| #define HAVE_MEMSET 1
| #define HAVE_STRCHR 1
| #define HAVE_STRDUP 1
| #define HAVE_STRERROR 1
| #define HAVE_STRRCHR 1
| #define HAVE_SNPRINTF 1
| #define ENABLE_PKCS11H_OPENSSL_EC 1
| #define STDC_HEADERS 1
| #define HAVE_CPP_VARARG_MACRO_ISO 1
| #define HAVE_CPP_VARARG_MACRO_GCC 1
| #define TIME_WITH_SYS_TIME 1
| /* end confdefs.h.  */
| #include <stdio.h>
| #ifdef HAVE_SYS_TYPES_H
| # include <sys/types.h>
| #endif
| #ifdef HAVE_SYS_STAT_H
| # include <sys/stat.h>
| #endif
| #ifdef STDC_HEADERS
| # include <stdlib.h>
| # include <stddef.h>
| #else
| # ifdef HAVE_STDLIB_H
| #  include <stdlib.h>
| # endif
| #endif
| #ifdef HAVE_STRING_H
| # if !defined STDC_HEADERS && defined HAVE_MEMORY_H
| #  include <memory.h>
| # endif
| # include <string.h>
| #endif
| #ifdef HAVE_STRINGS_H
| # include <strings.h>
| #endif
| #ifdef HAVE_INTTYPES_H
| # include <inttypes.h>
| #endif
| #ifdef HAVE_STDINT_H
| # include <stdint.h>
| #endif
| #ifdef HAVE_UNISTD_H
| # include <unistd.h>
| #endif
| int
| main ()
| {
| static int test_array [1 - 2 * !(((long int) (sizeof (size_t))) <= 1)];
| test_array [0] = 0;
| return test_array [0];
| 
|   ;
|   return 0;
| }
configure:13857: x86_64-w64-mingw32-gcc -c    conftest.c >&5
conftest.c: In function 'main':
conftest.c:78:12: error: size of array 'test_array' is negative
 static int test_array [1 - 2 * !(((long int) (sizeof (size_t))) <= 3)];
            ^
configure:13857: $? = 1
configure: failed program was:
| /* confdefs.h */
| #define PACKAGE_NAME "pkcs11-helper"
| #define PACKAGE_TARNAME "pkcs11-helper"
| #define PACKAGE_VERSION "1.11"
| #define PACKAGE_STRING "pkcs11-helper 1.11"
| #define PACKAGE_BUGREPORT ""
| #define PACKAGE_URL ""
| #define PACKAGE "pkcs11-helper"
| #define VERSION "1.11"
| #define TEST_PROVIDER "/usr/lib/pkcs11/provider.so"
| #define TEST_LOG_LEVEL 3
| #define STDC_HEADERS 1
| #define HAVE_SYS_TYPES_H 1
| #define HAVE_SYS_STAT_H 1
| #define HAVE_STDLIB_H 1
| #define HAVE_STRING_H 1
| #define HAVE_MEMORY_H 1
| #define HAVE_STRINGS_H 1
| #define HAVE_INTTYPES_H 1
| #define HAVE_STDINT_H 1
| #define HAVE_UNISTD_H 1
| #define LT_OBJDIR ".libs/"
| #define TIME_WITH_SYS_TIME 1
| #define HAVE_SYS_TIME_H 1
| #define HAVE_UNISTD_H 1
| #define HAVE_ALARM 1
| #define HAVE_VPRINTF 1
| #define HAVE_GETTIMEOFDAY 1
| #define HAVE_MEMMOVE 1
| #define HAVE_MEMSET 1
| #define HAVE_STRCHR 1
| #define HAVE_STRDUP 1
| #define HAVE_STRERROR 1
| #define HAVE_STRRCHR 1
| #define HAVE_SNPRINTF 1
| #define ENABLE_PKCS11H_OPENSSL_EC 1
| #define STDC_HEADERS 1
| #define HAVE_CPP_VARARG_MACRO_ISO 1
| #define HAVE_CPP_VARARG_MACRO_GCC 1
| #define TIME_WITH_SYS_TIME 1
| /* end confdefs.h.  */
| #include <stdio.h>
| #ifdef HAVE_SYS_TYPES_H
| # include <sys/types.h>
| #endif
| #ifdef HAVE_SYS_STAT_H
| # include <sys/stat.h>
| #endif
| #ifdef STDC_HEADERS
| # include <stdlib.h>
| # include <stddef.h>
| #else
| # ifdef HAVE_STDLIB_H
| #  include <stdlib.h>
| # endif
| #endif
| #ifdef HAVE_STRING_H
| # if !defined STDC_HEADERS && defined HAVE_MEMORY_H
| #  include <memory.h>
| # endif
| # include <string.h>
| #endif
| #ifdef HAVE_STRINGS_H
| # include <strings.h>
| #endif
| #ifdef HAVE_INTTYPES_H
| # include <inttypes.h>
| #endif
| #ifdef HAVE_STDINT_H
| # include <stdint.h>
| #endif
| #ifdef HAVE_UNISTD_H
| # include <unistd.h>
| #endif
| int
| main ()
| {
| static int test_array [1 - 2 * !(((long int) (sizeof (size_t))) <= 3)];
| test_array [0] = 0;
| return test_array [0];
| 
|   ;
|   return 0;
| }
configure:13857: x86_64-w64-mingw32-gcc -c    conftest.c >&5
conftest.c: In function 'main':
conftest.c:78:12: error: size of array 'test_array' is negative
 static int test_array [1 - 2 * !(((long int) (sizeof (size_t))) <= 7)];
            ^
configure:13857: $? = 1
configure: failed program was:
| /* confdefs.h */
| #define PACKAGE_NAME "pkcs11-helper"
| #define PACKAGE_TARNAME "pkcs11-helper"
| #define PACKAGE_VERSION "1.11"
| #define PACKAGE_STRING "pkcs11-helper 1.11"
| #define PACKAGE_BUGREPORT ""
| #define PACKAGE_URL ""
| #define PACKAGE "pkcs11-helper"
| #define VERSION "1.11"
| #define TEST_PROVIDER "/usr/lib/pkcs11/provider.so"
| #define TEST_LOG_LEVEL 3
| #define STDC_HEADERS 1
| #define HAVE_SYS_TYPES_H 1
| #define HAVE_SYS_STAT_H 1
| #define HAVE_STDLIB_H 1
| #define HAVE_STRING_H 1
| #define HAVE_MEMORY_H 1
| #define HAVE_STRINGS_H 1
| #define HAVE_INTTYPES_H 1
| #define HAVE_STDINT_H 1
| #define HAVE_UNISTD_H 1
| #define LT_OBJDIR ".libs/"
| #define TIME_WITH_SYS_TIME 1
| #define HAVE_SYS_TIME_H 1
| #define HAVE_UNISTD_H 1
| #define HAVE_ALARM 1
| #define HAVE_VPRINTF 1
| #define HAVE_GETTIMEOFDAY 1
| #define HAVE_MEMMOVE 1
| #define HAVE_MEMSET 1
| #define HAVE_STRCHR 1
| #define HAVE_STRDUP 1
| #define HAVE_STRERROR 1
| #define HAVE_STRRCHR 1
| #define HAVE_SNPRINTF 1
| #define ENABLE_PKCS11H_OPENSSL_EC 1
| #define STDC_HEADERS 1
| #define HAVE_CPP_VARARG_MACRO_ISO 1
| #define HAVE_CPP_VARARG_MACRO_GCC 1
| #define TIME_WITH_SYS_TIME 1
| /* end confdefs.h.  */
| #include <stdio.h>
| #ifdef HAVE_SYS_TYPES_H
| # include <sys/types.h>
| #endif
| #ifdef HAVE_SYS_STAT_H
| # include <sys/stat.h>
| #endif
| #ifdef STDC_HEADERS
| # include <stdlib.h>
| # include <stddef.h>
| #else
| # ifdef HAVE_STDLIB_H
| #  include <stdlib.h>
| # endif
| #endif
| #ifdef HAVE_STRING_H
| # if !defined STDC_HEADERS && defined HAVE_MEMORY_H
| #  include <memory.h>
| # endif
| # include <string.h>
| #endif
| #ifdef HAVE_STRINGS_H
| # include <strings.h>
| #endif
| #ifdef HAVE_INTTYPES_H
| # include <inttypes.h>
| #endif
| #ifdef HAVE_STDINT_H
| # include <stdint.h>
| #endif
| #ifdef HAVE_UNISTD_H
| # include <unistd.h>
| #endif
| int
| main ()
| {
| static int test_array [1 - 2 * !(((long int) (sizeof (size_t))) <= 7)];
| test_array [0] = 0;
| return test_array [0];
| 
|   ;
|   return 0;
| }
configure:13857: x86_64-w64-mingw32-gcc -c    conftest.c >&5
configure:13857: $? = 0
configure:13857: x86_64-w64-mingw32-gcc -c    conftest.c >&5
configure:13857: $? = 0
configure:13857: x86_64-w64-mingw32-gcc -c    conftest.c >&5
configure:13857: $? = 0
configure:13857: x86_64-w64-mingw32-gcc -c    conftest.c >&5
configure:13857: $? = 0
configure:13871: result: 8
configure:13880: checking size_t printf format
configure:13887: result: %016lx
configure:13906: checking stdio.h usability
configure:13906: x86_64-w64-mingw32-gcc -c    conftest.c >&5
configure:13906: $? = 0
configure:13906: result: yes
configure:13906: checking stdio.h presence
configure:13906: x86_64-w64-mingw32-gcc -E  conftest.c
configure:13906: $? = 0
configure:13906: result: yes
configure:13906: checking for stdio.h
configure:13906: result: yes
configure:13906: checking for stdlib.h
configure:13906: result: yes
configure:13906: checking stdargs.h usability
configure:13906: x86_64-w64-mingw32-gcc -c    conftest.c >&5
conftest.c:79:21: fatal error: stdargs.h: No such file or directory
compilation terminated.
configure:13906: $? = 1
configure: failed program was:
| /* confdefs.h */
| #define PACKAGE_NAME "pkcs11-helper"
| #define PACKAGE_TARNAME "pkcs11-helper"
| #define PACKAGE_VERSION "1.11"
| #define PACKAGE_STRING "pkcs11-helper 1.11"
| #define PACKAGE_BUGREPORT ""
| #define PACKAGE_URL ""
| #define PACKAGE "pkcs11-helper"
| #define VERSION "1.11"
| #define TEST_PROVIDER "/usr/lib/pkcs11/provider.so"
| #define TEST_LOG_LEVEL 3
| #define STDC_HEADERS 1
| #define HAVE_SYS_TYPES_H 1
| #define HAVE_SYS_STAT_H 1
| #define HAVE_STDLIB_H 1
| #define HAVE_STRING_H 1
| #define HAVE_MEMORY_H 1
| #define HAVE_STRINGS_H 1
| #define HAVE_INTTYPES_H 1
| #define HAVE_STDINT_H 1
| #define HAVE_UNISTD_H 1
| #define LT_OBJDIR ".libs/"
| #define TIME_WITH_SYS_TIME 1
| #define HAVE_SYS_TIME_H 1
| #define HAVE_UNISTD_H 1
| #define HAVE_ALARM 1
| #define HAVE_VPRINTF 1
| #define HAVE_GETTIMEOFDAY 1
| #define HAVE_MEMMOVE 1
| #define HAVE_MEMSET 1
| #define HAVE_STRCHR 1
| #define HAVE_STRDUP 1
| #define HAVE_STRERROR 1
| #define HAVE_STRRCHR 1
| #define HAVE_SNPRINTF 1
| #define ENABLE_PKCS11H_OPENSSL_EC 1
| #define STDC_HEADERS 1
| #define HAVE_CPP_VARARG_MACRO_ISO 1
| #define HAVE_CPP_VARARG_MACRO_GCC 1
| #define TIME_WITH_SYS_TIME 1
| #define SIZEOF_SIZE_T 8
| #define PRINTF_Z_FORMAT 		"%016lx"
| #define HAVE_STDIO_H 1
| #define HAVE_STDLIB_H 1
| /* end confdefs.h.  */
| #include <stdio.h>
| #ifdef HAVE_SYS_TYPES_H
| # include <sys/types.h>
| #endif
| #ifdef HAVE_SYS_STAT_H
| # include <sys/stat.h>
| #endif
| #ifdef STDC_HEADERS
| # include <stdlib.h>
| # include <stddef.h>
| #else
| # ifdef HAVE_STDLIB_H
| #  include <stdlib.h>
| # endif
| #endif
| #ifdef HAVE_STRING_H
| # if !defined STDC_HEADERS && defined HAVE_MEMORY_H
| #  include <memory.h>
| # endif
| # include <string.h>
| #endif
| #ifdef HAVE_STRINGS_H
| # include <strings.h>
| #endif
| #ifdef HAVE_INTTYPES_H
| # include <inttypes.h>
| #endif
| #ifdef HAVE_STDINT_H
| # include <stdint.h>
| #endif
| #ifdef HAVE_UNISTD_H
| # include <unistd.h>
| #endif
| #include <stdargs.h>
configure:13906: result: no
configure:13906: checking stdargs.h presence
configure:13906: x86_64-w64-mingw32-gcc -E  conftest.c
conftest.c:46:21: fatal error: stdargs.h: No such file or directory
compilation terminated.
configure:13906: $? = 1
configure: failed program was:
| /* confdefs.h */
| #define PACKAGE_NAME "pkcs11-helper"
| #define PACKAGE_TARNAME "pkcs11-helper"
| #define PACKAGE_VERSION "1.11"
| #define PACKAGE_STRING "pkcs11-helper 1.11"
| #define PACKAGE_BUGREPORT ""
| #define PACKAGE_URL ""
| #define PACKAGE "pkcs11-helper"
| #define VERSION "1.11"
| #define TEST_PROVIDER "/usr/lib/pkcs11/provider.so"
| #define TEST_LOG_LEVEL 3
| #define STDC_HEADERS 1
| #define HAVE_SYS_TYPES_H 1
| #define HAVE_SYS_STAT_H 1
| #define HAVE_STDLIB_H 1
| #define HAVE_STRING_H 1
| #define HAVE_MEMORY_H 1
| #define HAVE_STRINGS_H 1
| #define HAVE_INTTYPES_H 1
| #define HAVE_STDINT_H 1
| #define HAVE_UNISTD_H 1
| #define LT_OBJDIR ".libs/"
| #define TIME_WITH_SYS_TIME 1
| #define HAVE_SYS_TIME_H 1
| #define HAVE_UNISTD_H 1
| #define HAVE_ALARM 1
| #define HAVE_VPRINTF 1
| #define HAVE_GETTIMEOFDAY 1
| #define HAVE_MEMMOVE 1
| #define HAVE_MEMSET 1
| #define HAVE_STRCHR 1
| #define HAVE_STRDUP 1
| #define HAVE_STRERROR 1
| #define HAVE_STRRCHR 1
| #define HAVE_SNPRINTF 1
| #define ENABLE_PKCS11H_OPENSSL_EC 1
| #define STDC_HEADERS 1
| #define HAVE_CPP_VARARG_MACRO_ISO 1
| #define HAVE_CPP_VARARG_MACRO_GCC 1
| #define TIME_WITH_SYS_TIME 1
| #define SIZEOF_SIZE_T 8
| #define PRINTF_Z_FORMAT 		"%016lx"
| #define HAVE_STDIO_H 1
| #define HAVE_STDLIB_H 1
| /* end confdefs.h.  */
| #include <stdargs.h>
configure:13906: result: no
configure:13906: checking for stdargs.h
configure:13906: result: no
configure:13906: checking malloc.h usability
configure:13906: x86_64-w64-mingw32-gcc -c    conftest.c >&5
configure:13906: $? = 0
configure:13906: result: yes
configure:13906: checking malloc.h presence
configure:13906: x86_64-w64-mingw32-gcc -E  conftest.c
configure:13906: $? = 0
configure:13906: result: yes
configure:13906: checking for malloc.h
configure:13906: result: yes
configure:13906: checking ctype.h usability
configure:13906: x86_64-w64-mingw32-gcc -c    conftest.c >&5
configure:13906: $? = 0
configure:13906: result: yes
configure:13906: checking ctype.h presence
configure:13906: x86_64-w64-mingw32-gcc -E  conftest.c
configure:13906: $? = 0
configure:13906: result: yes
configure:13906: checking for ctype.h
configure:13906: result: yes
configure:13906: checking for string.h
configure:13906: result: yes
configure:13906: checking errno.h usability
configure:13906: x86_64-w64-mingw32-gcc -c    conftest.c >&5
configure:13906: $? = 0
configure:13906: result: yes
configure:13906: checking errno.h presence
configure:13906: x86_64-w64-mingw32-gcc -E  conftest.c
configure:13906: $? = 0
configure:13906: result: yes
configure:13906: checking for errno.h
configure:13906: result: yes
configure:13906: checking assert.h usability
configure:13906: x86_64-w64-mingw32-gcc -c    conftest.c >&5
configure:13906: $? = 0
configure:13906: result: yes
configure:13906: checking assert.h presence
configure:13906: x86_64-w64-mingw32-gcc -E  conftest.c
configure:13906: $? = 0
configure:13906: result: yes
configure:13906: checking for assert.h
configure:13906: result: yes
configure:13906: checking time.h usability
configure:13906: x86_64-w64-mingw32-gcc -c    conftest.c >&5
configure:13906: $? = 0
configure:13906: result: yes
configure:13906: checking time.h presence
configure:13906: x86_64-w64-mingw32-gcc -E  conftest.c
configure:13906: $? = 0
configure:13906: result: yes
configure:13906: checking for time.h
configure:13906: result: yes
configure:13938: checking OpenSSL interface
configure:13944: result: yes
configure:13953: checking Win32 crypto engine
configure:13956: result: yes
configure:13966: checking OpenSSL crypto engine
configure:13970: result: yes
configure:13990: checking GnuTLS crypto engine
configure:14006: result: no
configure:14010: checking NSS crypto engine
configure:14026: result: no
configure:14030: checking PolarSSL crypto engine
configure:14042: result: no
configure:14386: creating ./config.status

## ---------------------- ##
## Running config.status. ##
## ---------------------- ##

This file was extended by pkcs11-helper config.status 1.11, which was
generated by GNU Autoconf 2.69.  Invocation command line was

  CONFIG_FILES    = 
  CONFIG_HEADERS  = 
  CONFIG_LINKS    = 
  CONFIG_COMMANDS = 
  $ ./config.status 

on TARDIS

config.status:1239: creating Makefile
config.status:1239: creating config-w32-vc.h
config.status:1239: creating include/Makefile
config.status:1239: creating include/pkcs11-helper-1.0/Makefile
config.status:1239: creating include/pkcs11-helper-1.0/pkcs11h-version.h
config.status:1239: creating man/Makefile
config.status:1239: creating doc/Makefile
config.status:1239: creating doc/api/Makefile
config.status:1239: creating doc/api/Doxyfile
config.status:1239: creating lib/Makefile
config.status:1239: creating lib/libpkcs11-helper-1.pc
config.status:1239: creating lib/versioninfo.rc
config.status:1239: creating m4dir/Makefile
config.status:1239: creating distro/Makefile
config.status:1239: creating distro/rpm/Makefile
config.status:1239: creating distro/rpm/pkcs11-helper.spec
config.status:1239: creating distro/debian/Makefile
config.status:1239: creating tests/Makefile
config.status:1239: creating tests/test-basic/Makefile
config.status:1239: creating tests/test-certificate/Makefile
config.status:1239: creating tests/test-slotevent/Makefile
config.status:1239: creating config.h
config.status:1420: config.h is unchanged
config.status:1468: executing depfiles commands
config.status:1468: executing libtool commands

## ---------------- ##
## Cache variables. ##
## ---------------- ##

ac_cv_build=i686-pc-cygwin
ac_cv_c_compiler_gnu=yes
ac_cv_c_const=yes
ac_cv_c_volatile=yes
ac_cv_env_CC_set=
ac_cv_env_CC_value=
ac_cv_env_CFLAGS_set=set
ac_cv_env_CFLAGS_value=' '
ac_cv_env_CPPFLAGS_set=
ac_cv_env_CPPFLAGS_value=
ac_cv_env_CPP_set=
ac_cv_env_CPP_value=
ac_cv_env_DOXYGEN_set=
ac_cv_env_DOXYGEN_value=
ac_cv_env_GNUTLS_CFLAGS_set=
ac_cv_env_GNUTLS_CFLAGS_value=
ac_cv_env_GNUTLS_LIBS_set=
ac_cv_env_GNUTLS_LIBS_value=
ac_cv_env_LDFLAGS_set=set
ac_cv_env_LDFLAGS_value=' '
ac_cv_env_LIBS_set=
ac_cv_env_LIBS_value=
ac_cv_env_M4_set=
ac_cv_env_M4_value=
ac_cv_env_MAN2HTML_set=
ac_cv_env_MAN2HTML_value=
ac_cv_env_NSS_CFLAGS_set=
ac_cv_env_NSS_CFLAGS_value=
ac_cv_env_NSS_LIBS_set=
ac_cv_env_NSS_LIBS_value=
ac_cv_env_OPENSSL_CFLAGS_set=set
ac_cv_env_OPENSSL_CFLAGS_value=-I/cygdrive/c/dev/7tunnels/openvpn-build-master/generic/image-win/openvpn/include
ac_cv_env_OPENSSL_LIBS_set=set
ac_cv_env_OPENSSL_LIBS_value='-L/cygdrive/c/dev/7tunnels/openvpn-build-master/generic/image-win/openvpn/lib -lssl -lcrypto'
ac_cv_env_PKG_CONFIG_LIBDIR_set=
ac_cv_env_PKG_CONFIG_LIBDIR_value=
ac_cv_env_PKG_CONFIG_PATH_set=
ac_cv_env_PKG_CONFIG_PATH_value=
ac_cv_env_PKG_CONFIG_set=set
ac_cv_env_PKG_CONFIG_value=true
ac_cv_env_POLARSSL_CFLAGS_set=
ac_cv_env_POLARSSL_CFLAGS_value=
ac_cv_env_POLARSSL_LIBS_set=
ac_cv_env_POLARSSL_LIBS_value=
ac_cv_env_build_alias_set=set
ac_cv_env_build_alias_value=i686-pc-cygwin
ac_cv_env_host_alias_set=set
ac_cv_env_host_alias_value=x86_64-w64-mingw32
ac_cv_env_target_alias_set=set
ac_cv_env_target_alias_value=
ac_cv_exeext=.exe
ac_cv_func_ECDSA_METHOD_new=yes
ac_cv_func__doprnt=no
ac_cv_func_alarm=yes
ac_cv_func_gettimeofday=yes
ac_cv_func_memmove=yes
ac_cv_func_memset=yes
ac_cv_func_snprintf=yes
ac_cv_func_socket=no
ac_cv_func_strchr=yes
ac_cv_func_strdup=yes
ac_cv_func_strerror=yes
ac_cv_func_strrchr=yes
ac_cv_func_vprintf=yes
ac_cv_func_working_mktime=no
ac_cv_header_assert_h=yes
ac_cv_header_ctype_h=yes
ac_cv_header_dlfcn_h=no
ac_cv_header_errno_h=yes
ac_cv_header_inttypes_h=yes
ac_cv_header_malloc_h=yes
ac_cv_header_memory_h=yes
ac_cv_header_stdargs_h=no
ac_cv_header_stdc=yes
ac_cv_header_stdint_h=yes
ac_cv_header_stdio_h=yes
ac_cv_header_stdlib_h=yes
ac_cv_header_string_h=yes
ac_cv_header_strings_h=yes
ac_cv_header_sys_stat_h=yes
ac_cv_header_sys_time_h=yes
ac_cv_header_sys_types_h=yes
ac_cv_header_time=yes
ac_cv_header_time_h=yes
ac_cv_header_unistd_h=yes
ac_cv_host=x86_64-w64-mingw32
ac_cv_lib_dl_dlopen=no
ac_cv_lib_polarssl_x509parse_crt=no
ac_cv_objext=o
ac_cv_path_EGREP='/usr/bin/grep -E'
ac_cv_path_FGREP='/usr/bin/grep -F'
ac_cv_path_GREP=/usr/bin/grep
ac_cv_path_SED=/usr/bin/sed
ac_cv_path_install='/usr/bin/install -c'
ac_cv_path_mkdir=/usr/bin/mkdir
ac_cv_prog_AR=x86_64-w64-mingw32-ar
ac_cv_prog_AS=x86_64-w64-mingw32-as
ac_cv_prog_AWK=gawk
ac_cv_prog_CC=x86_64-w64-mingw32-gcc
ac_cv_prog_CPP='x86_64-w64-mingw32-gcc -E'
ac_cv_prog_DLLTOOL=x86_64-w64-mingw32-dlltool
ac_cv_prog_M4=m4
ac_cv_prog_MAN2HTML=man2html
ac_cv_prog_OBJDUMP=x86_64-w64-mingw32-objdump
ac_cv_prog_RANLIB=x86_64-w64-mingw32-ranlib
ac_cv_prog_RC=x86_64-w64-mingw32-windres
ac_cv_prog_STRIP=x86_64-w64-mingw32-strip
ac_cv_prog_cc_c89=
ac_cv_prog_cc_g=yes
ac_cv_prog_make_make_set=yes
ac_cv_sizeof_size_t=8
ac_cv_struct_tm=time.h
ac_cv_type_off_t=yes
ac_cv_type_pid_t=yes
ac_cv_type_size_t=yes
am_cv_CC_dependencies_compiler_type=gcc3
ax_cv_cpp_vararg_macro_gcc=yes
ax_cv_cpp_vararg_macro_iso=yes
ax_cv_printf_z_format=%016lx
lt_cv_ar_at_file=@
lt_cv_archive_cmds_need_lc=yes
lt_cv_deplibs_check_method='file_magic ^x86 archive import|^x86 DLL'
lt_cv_file_magic_cmd=func_win32_libid
lt_cv_file_magic_test_file=
lt_cv_ld_reload_flag=-r
lt_cv_nm_interface='BSD nm'
lt_cv_objdir=.libs
lt_cv_path_LD=/usr/x86_64-w64-mingw32/bin/ld.exe
lt_cv_path_NM='/usr/bin/x86_64-w64-mingw32-nm -B'
lt_cv_path_mainfest_tool=no
lt_cv_prog_compiler_c_o=yes
lt_cv_prog_compiler_c_o_RC=yes
lt_cv_prog_compiler_pic='-DDLL_EXPORT -DPIC'
lt_cv_prog_compiler_pic_works=yes
lt_cv_prog_compiler_rtti_exceptions=no
lt_cv_prog_compiler_static_works=yes
lt_cv_prog_gnu_ld=yes
lt_cv_sharedlib_from_linklib_cmd=func_cygming_dll_for_implib
lt_cv_sys_global_symbol_pipe='sed -n -e '\''s/^.*[	 ]\([ABCDGIRSTW][ABCDGIRSTW]*\)[	 ][	 ]*\([_A-Za-z][_A-Za-z0-9]*\)$/\1 \2 \2/p'\'' | sed '\''/ __gnu_lto/d'\'''
lt_cv_sys_global_symbol_to_c_name_address='sed -n -e '\''s/^: \([^ ]*\)[ ]*$/  {\"\1\", (void *) 0},/p'\'' -e '\''s/^[ABCDGIRSTW]* \([^ ]*\) \([^ ]*\)$/  {"\2", (void *) \&\2},/p'\'''
lt_cv_sys_global_symbol_to_c_name_address_lib_prefix='sed -n -e '\''s/^: \([^ ]*\)[ ]*$/  {\"\1\", (void *) 0},/p'\'' -e '\''s/^[ABCDGIRSTW]* \([^ ]*\) \(lib[^ ]*\)$/  {"\2", (void *) \&\2},/p'\'' -e '\''s/^[ABCDGIRSTW]* \([^ ]*\) \([^ ]*\)$/  {"lib\2", (void *) \&\2},/p'\'''
lt_cv_sys_global_symbol_to_cdecl='sed -n -e '\''s/^T .* \(.*\)$/extern int \1();/p'\'' -e '\''s/^[ABCDGIRSTW]* .* \(.*\)$/extern char \1;/p'\'''
lt_cv_sys_max_cmd_len=8192
lt_cv_to_host_file_cmd=func_convert_file_cygwin_to_w32
lt_cv_to_tool_file_cmd=func_convert_file_noop
pkg_cv_GNUTLS_CFLAGS=
pkg_cv_GNUTLS_LIBS=
pkg_cv_NSS_CFLAGS=
pkg_cv_NSS_LIBS=
pkg_cv_OPENSSL_CFLAGS=-I/cygdrive/c/dev/7tunnels/openvpn-build-master/generic/image-win/openvpn/include
pkg_cv_OPENSSL_LIBS='-L/cygdrive/c/dev/7tunnels/openvpn-build-master/generic/image-win/openvpn/lib -lssl -lcrypto'

## ----------------- ##
## Output variables. ##
## ----------------- ##

ACLOCAL='${SHELL} /cygdrive/c/dev/7tunnels/openvpn-build-master/generic/tmp/pkcs11-helper-1.11/missing --run aclocal-1.11'
AMDEPBACKSLASH='\'
AMDEP_FALSE='#'
AMDEP_TRUE=''
AMTAR='$${TAR-tar}'
AR='x86_64-w64-mingw32-ar'
AS='x86_64-w64-mingw32-as'
AUTOCONF='${SHELL} /cygdrive/c/dev/7tunnels/openvpn-build-master/generic/tmp/pkcs11-helper-1.11/missing --run autoconf'
AUTOHEADER='${SHELL} /cygdrive/c/dev/7tunnels/openvpn-build-master/generic/tmp/pkcs11-helper-1.11/missing --run autoheader'
AUTOMAKE='${SHELL} /cygdrive/c/dev/7tunnels/openvpn-build-master/generic/tmp/pkcs11-helper-1.11/missing --run automake-1.11'
AWK='gawk'
CC='x86_64-w64-mingw32-gcc'
CCDEPMODE='depmode=gcc3'
CFLAGS='  -I/cygdrive/c/dev/7tunnels/openvpn-build-master/generic/image-win/openvpn/include'
CPP='x86_64-w64-mingw32-gcc -E'
CPPFLAGS=''
CYGPATH_W='cygpath -w'
CYGWIN_FALSE=''
CYGWIN_TRUE='#'
DEFS='-DHAVE_CONFIG_H'
DEPDIR='.deps'
DLLTOOL='x86_64-w64-mingw32-dlltool'
DOXYGEN=''
DSYMUTIL=''
DUMPBIN=''
ECHO_C=''
ECHO_N='-n'
ECHO_T=''
EGREP='/usr/bin/grep -E'
ENABLE_DOC_FALSE=''
ENABLE_DOC_TRUE='#'
ENABLE_PKCS11H_CERTIFICATE_FALSE='#'
ENABLE_PKCS11H_CERTIFICATE_TRUE=''
ENABLE_PKCS11H_DATA_FALSE='#'
ENABLE_PKCS11H_DATA_TRUE=''
ENABLE_PKCS11H_OPENSSL_FALSE='#'
ENABLE_PKCS11H_OPENSSL_TRUE=''
ENABLE_PKCS11H_SLOTEVENT_FALSE='#'
ENABLE_PKCS11H_SLOTEVENT_TRUE=''
ENABLE_PKCS11H_TOKEN_FALSE='#'
ENABLE_PKCS11H_TOKEN_TRUE=''
ENABLE_TESTS_FALSE=''
ENABLE_TESTS_TRUE='#'
EXEEXT='.exe'
FGREP='/usr/bin/grep -F'
GNUTLS_CFLAGS=''
GNUTLS_LIBS=''
GREP='/usr/bin/grep'
INSTALL_DATA='${INSTALL} -m 644'
INSTALL_PROGRAM='${INSTALL}'
INSTALL_SCRIPT='${INSTALL}'
INSTALL_STRIP_PROGRAM='$(install_sh) -c -s'
LD='/usr/x86_64-w64-mingw32/bin/ld.exe'
LDFLAGS=' '
LIBOBJS=' ${LIBOBJDIR}mktime$U.o'
LIBPKCS11_HELPER_LT_AGE='0'
LIBPKCS11_HELPER_LT_CURRENT='1'
LIBPKCS11_HELPER_LT_OLDEST='1'
LIBPKCS11_HELPER_LT_REVISION='0'
LIBS=' -L/cygdrive/c/dev/7tunnels/openvpn-build-master/generic/image-win/openvpn/lib -lssl -lcrypto'
LIBTOOL='$(SHELL) $(top_builddir)/libtool'
LIPO=''
LN_S='ln -s'
LTLIBOBJS=' ${LIBOBJDIR}mktime$U.lo'
M4='m4'
MAKEINFO='${SHELL} /cygdrive/c/dev/7tunnels/openvpn-build-master/generic/tmp/pkcs11-helper-1.11/missing --run makeinfo'
MAN2HTML='man2html'
MANIFEST_TOOL=':'
MKDIR_P='/usr/bin/mkdir -p'
NM='/usr/bin/x86_64-w64-mingw32-nm -B'
NMEDIT=''
NSS_CFLAGS=''
NSS_LIBS=''
OBJDUMP='x86_64-w64-mingw32-objdump'
OBJEXT='o'
OPENSSL_CFLAGS='-I/cygdrive/c/dev/7tunnels/openvpn-build-master/generic/image-win/openvpn/include'
OPENSSL_LIBS='-L/cygdrive/c/dev/7tunnels/openvpn-build-master/generic/image-win/openvpn/lib -lssl -lcrypto'
OTOOL64=''
OTOOL=''
PACKAGE='pkcs11-helper'
PACKAGE_BUGREPORT=''
PACKAGE_NAME='pkcs11-helper'
PACKAGE_STRING='pkcs11-helper 1.11'
PACKAGE_TARNAME='pkcs11-helper'
PACKAGE_URL=''
PACKAGE_VERSION='1.11'
PATH_SEPARATOR=':'
PKCS11H_FEATURES=' debug threading token data certificate slotevent openssl engine_crypto_openssl engine_crypto_polarssl engine_crypto_cryptoapi engine_crypto'
PKCS11H_VERSION_FIX='0'
PKCS11H_VERSION_MAJOR='1'
PKCS11H_VERSION_MINOR='11'
PKG_CONFIG='true'
PKG_CONFIG_LIBDIR=''
PKG_CONFIG_PATH=''
POLARSSL_CFLAGS=''
POLARSSL_LIBS=''
RANLIB='x86_64-w64-mingw32-ranlib'
RC='x86_64-w64-mingw32-windres'
SED='/usr/bin/sed'
SET_MAKE=''
SHELL='/bin/sh'
STRIP='x86_64-w64-mingw32-strip'
VERSION='1.11'
WIN32_FALSE='#'
WIN32_TRUE=''
WIN_LIBPREFIX='lib'
ac_ct_AR=''
ac_ct_CC=''
ac_ct_DUMPBIN=''
am__EXEEXT_FALSE='#'
am__EXEEXT_TRUE=''
am__fastdepCC_FALSE='#'
am__fastdepCC_TRUE=''
am__include='include'
am__isrc=''
am__leading_dot='.'
am__nodep='_no'
am__quote=''
am__tar='$${TAR-tar} chof - "$$tardir"'
am__untar='$${TAR-tar} xf -'
apidocdir='$(htmldir)/api'
bindir='${exec_prefix}/bin'
build='i686-pc-cygwin'
build_alias='i686-pc-cygwin'
build_cpu='i686'
build_os='cygwin'
build_vendor='pc'
datadir='${datarootdir}'
datarootdir='${prefix}/share'
docdir='${datarootdir}/doc/${PACKAGE_TARNAME}'
dvidir='${docdir}'
exec_prefix='${prefix}'
host='x86_64-w64-mingw32'
host_alias='x86_64-w64-mingw32'
host_cpu='x86_64'
host_os='mingw32'
host_vendor='w64'
htmldir='${docdir}'
includedir='${prefix}/include'
infodir='${datarootdir}/info'
install_sh='${SHELL} /cygdrive/c/dev/7tunnels/openvpn-build-master/generic/tmp/pkcs11-helper-1.11/install-sh'
libdir='//lib'
libexecdir='${exec_prefix}/libexec'
localedir='${datarootdir}/locale'
localstatedir='${prefix}/var'
m4dir='$(datadir)/aclocal'
mandir='${datarootdir}/man'
mkdir_p='/usr/bin/mkdir -p'
oldincludedir='/usr/include'
pdfdir='${docdir}'
pkcs11hincludedir='$(includedir)/pkcs11-helper-1.0'
pkgconfigdir='$(libdir)/pkgconfig'
prefix='/'
program_transform_name='s&^&'\'''\''&'
psdir='${docdir}'
sbindir='/bin'
sharedstatedir='${prefix}/com'
sysconfdir='${prefix}/etc'
target_alias=''

## ----------- ##
## confdefs.h. ##
## ----------- ##

/* confdefs.h */
#define PACKAGE_NAME "pkcs11-helper"
#define PACKAGE_TARNAME "pkcs11-helper"
#define PACKAGE_VERSION "1.11"
#define PACKAGE_STRING "pkcs11-helper 1.11"
#define PACKAGE_BUGREPORT ""
#define PACKAGE_URL ""
#define PACKAGE "pkcs11-helper"
#define VERSION "1.11"
#define TEST_PROVIDER "/usr/lib/pkcs11/provider.so"
#define TEST_LOG_LEVEL 3
#define STDC_HEADERS 1
#define HAVE_SYS_TYPES_H 1
#define HAVE_SYS_STAT_H 1
#define HAVE_STDLIB_H 1
#define HAVE_STRING_H 1
#define HAVE_MEMORY_H 1
#define HAVE_STRINGS_H 1
#define HAVE_INTTYPES_H 1
#define HAVE_STDINT_H 1
#define HAVE_UNISTD_H 1
#define LT_OBJDIR ".libs/"
#define TIME_WITH_SYS_TIME 1
#define HAVE_SYS_TIME_H 1
#define HAVE_UNISTD_H 1
#define HAVE_ALARM 1
#define HAVE_VPRINTF 1
#define HAVE_GETTIMEOFDAY 1
#define HAVE_MEMMOVE 1
#define HAVE_MEMSET 1
#define HAVE_STRCHR 1
#define HAVE_STRDUP 1
#define HAVE_STRERROR 1
#define HAVE_STRRCHR 1
#define HAVE_SNPRINTF 1
#define ENABLE_PKCS11H_OPENSSL_EC 1
#define STDC_HEADERS 1
#define HAVE_CPP_VARARG_MACRO_ISO 1
#define HAVE_CPP_VARARG_MACRO_GCC 1
#define TIME_WITH_SYS_TIME 1
#define SIZEOF_SIZE_T 8
#define PRINTF_Z_FORMAT 		"%016lx"
#define HAVE_STDIO_H 1
#define HAVE_STDLIB_H 1
#define HAVE_MALLOC_H 1
#define HAVE_CTYPE_H 1
#define HAVE_STRING_H 1
#define HAVE_ERRNO_H 1
#define HAVE_ASSERT_H 1
#define HAVE_TIME_H 1
#define ENABLE_PKCS11H_ENGINE_CRYPTOAPI 1
#define ENABLE_PKCS11H_ENGINE_OPENSSL 1
#define ENABLE_PKCS11H_DEBUG 1
#define ENABLE_PKCS11H_THREADING 1
#define ENABLE_PKCS11H_TOKEN 1
#define ENABLE_PKCS11H_DATA 1
#define ENABLE_PKCS11H_CERTIFICATE 1
#define ENABLE_PKCS11H_SLOTEVENT 1
#define ENABLE_PKCS11H_OPENSSL 1

configure: exit 0
